<?xml version="1.0" encoding="UTF-8"?>
<!-- Generated by org.testng.reporters.JUnitXMLReporter -->
<testsuite hostname="ChunChews-MacBook-Pro.local" name="Default test" tests="4" failures="0" timestamp="17 Jan 2017 02:12:39 GMT" time="5.632" errors="0">
  <testcase name="test_Login_Page_Appear_Correct" time="0.314" classname="test.TestEduLoginWithPageFactory"/>
  <testcase name="test_Login_Correct" time="0.24" classname="test.TestEduLoginWithPageFactory"/>
  <testcase name="test_Login_InCorrect" time="0.229" classname="test.TestEduLoginWithPageFactory"/>
  <testcase name="test_goto_forgetPassword" time="0.135" classname="test.TestEduLoginWithPageFactory"/>
</testsuite> <!-- Default test -->
